<?xml version="1.0" encoding="UTF-8" ?>
<testsuite failures="0" time="0.47" errors="0" skipped="0" tests="1" name="com.renaud.webchat.client.SandboxJukitoTest">
  <properties>
    <property name="java.runtime.name" value="OpenJDK Runtime Environment"/>
    <property name="sun.boot.library.path" value="/usr/lib/jvm/java-7-openjdk-amd64/jre/lib/amd64"/>
    <property name="java.vm.version" value="24.75-b04"/>
    <property name="java.vm.vendor" value="Oracle Corporation"/>
    <property name="java.vendor.url" value="http://java.oracle.com/"/>
    <property name="path.separator" value=":"/>
    <property name="java.vm.name" value="OpenJDK 64-Bit Server VM"/>
    <property name="file.encoding.pkg" value="sun.io"/>
    <property name="user.country" value="CA"/>
    <property name="sun.java.launcher" value="SUN_STANDARD"/>
    <property name="sun.os.patch.level" value="unknown"/>
    <property name="java.vm.specification.name" value="Java Virtual Machine Specification"/>
    <property name="user.dir" value="/home/renaud/Projets/irc-chat"/>
    <property name="java.runtime.version" value="1.7.0_75-b13"/>
    <property name="java.awt.graphicsenv" value="sun.awt.X11GraphicsEnvironment"/>
    <property name="basedir" value="/home/renaud/Projets/irc-chat"/>
    <property name="java.endorsed.dirs" value="/usr/lib/jvm/java-7-openjdk-amd64/jre/lib/endorsed"/>
    <property name="os.arch" value="amd64"/>
    <property name="surefire.real.class.path" value="/tmp/surefirebooter4642126133067969766.jar"/>
    <property name="java.io.tmpdir" value="/tmp"/>
    <property name="line.separator" value="
"/>
    <property name="java.vm.specification.vendor" value="Oracle Corporation"/>
    <property name="os.name" value="Linux"/>
    <property name="sun.jnu.encoding" value="UTF-8"/>
    <property name="java.library.path" value="/opt/idea/bin::/usr/java/packages/lib/amd64:/usr/lib/x86_64-linux-gnu/jni:/lib/x86_64-linux-gnu:/usr/lib/x86_64-linux-gnu:/usr/lib/jni:/lib:/usr/lib"/>
    <property name="surefire.test.class.path" value="/home/renaud/Projets/irc-chat/target/test-classes:/home/renaud/Projets/irc-chat/target/ircchat-1.0-SNAPSHOT/WEB-INF/classes:/home/renaud/.m2/repository/com/google/gwt/gwt-user/2.6.0/gwt-user-2.6.0.jar:/home/renaud/.m2/repository/javax/validation/validation-api/1.0.0.GA/validation-api-1.0.0.GA.jar:/home/renaud/.m2/repository/javax/validation/validation-api/1.0.0.GA/validation-api-1.0.0.GA-sources.jar:/home/renaud/.m2/repository/org/json/json/20090211/json-20090211.jar:/home/renaud/.m2/repository/com/gwtplatform/gwtp-mvp-client/1.2.1/gwtp-mvp-client-1.2.1.jar:/home/renaud/.m2/repository/com/gwtplatform/gwtp-clients-common/1.2.1/gwtp-clients-common-1.2.1.jar:/home/renaud/.m2/repository/org/apache/maven/maven-artifact/3.1.1/maven-artifact-3.1.1.jar:/home/renaud/.m2/repository/org/codehaus/plexus/plexus-utils/3.0.15/plexus-utils-3.0.15.jar:/home/renaud/.m2/repository/com/gwtplatform/gwtp-mvp-shared/1.2.1/gwtp-mvp-shared-1.2.1.jar:/home/renaud/.m2/repository/org/apache/velocity/velocity/1.7/velocity-1.7.jar:/home/renaud/.m2/repository/commons-collections/commons-collections/3.2.1/commons-collections-3.2.1.jar:/home/renaud/.m2/repository/commons-lang/commons-lang/2.4/commons-lang-2.4.jar:/home/renaud/.m2/repository/com/gwtplatform/gwtp-dispatch-rpc-client/1.2.1/gwtp-dispatch-rpc-client-1.2.1.jar:/home/renaud/.m2/repository/com/gwtplatform/gwtp-dispatch-common-client/1.2.1/gwtp-dispatch-common-client-1.2.1.jar:/home/renaud/.m2/repository/com/google/guava/guava-gwt/16.0.1/guava-gwt-16.0.1.jar:/home/renaud/.m2/repository/com/google/code/findbugs/jsr305/1.3.9/jsr305-1.3.9.jar:/home/renaud/.m2/repository/com/google/guava/guava/16.0.1/guava-16.0.1.jar:/home/renaud/.m2/repository/com/gwtplatform/gwtp-dispatch-rpc-server-guice/1.2.1/gwtp-dispatch-rpc-server-guice-1.2.1.jar:/home/renaud/.m2/repository/com/gwtplatform/gwtp-dispatch-rpc-server/1.2.1/gwtp-dispatch-rpc-server-1.2.1.jar:/home/renaud/.m2/repository/com/gwtplatform/gwtp-dispatch-rpc-shared/1.2.1/gwtp-dispatch-rpc-shared-1.2.1.jar:/home/renaud/.m2/repository/com/gwtplatform/gwtp-dispatch-common-shared/1.2.1/gwtp-dispatch-common-shared-1.2.1.jar:/home/renaud/.m2/repository/com/google/inject/guice/3.0/guice-3.0.jar:/home/renaud/.m2/repository/javax/inject/javax.inject/1/javax.inject-1.jar:/home/renaud/.m2/repository/aopalliance/aopalliance/1.0/aopalliance-1.0.jar:/home/renaud/.m2/repository/com/google/inject/extensions/guice-servlet/3.0/guice-servlet-3.0.jar:/home/renaud/.m2/repository/com/google/inject/extensions/guice-assistedinject/3.0/guice-assistedinject-3.0.jar:/home/renaud/.m2/repository/com/google/gwt/inject/gin/2.1.2/gin-2.1.2.jar:/home/renaud/.m2/repository/junit/junit/4.11/junit-4.11.jar:/home/renaud/.m2/repository/org/hamcrest/hamcrest-core/1.3/hamcrest-core-1.3.jar:/home/renaud/.m2/repository/org/jukito/jukito/1.4/jukito-1.4.jar:/home/renaud/.m2/repository/org/mockito/mockito-core/1.9.5/mockito-core-1.9.5.jar:/home/renaud/.m2/repository/org/objenesis/objenesis/1.0/objenesis-1.0.jar:"/>
    <property name="java.specification.name" value="Java Platform API Specification"/>
    <property name="java.class.version" value="51.0"/>
    <property name="sun.management.compiler" value="HotSpot 64-Bit Tiered Compilers"/>
    <property name="os.version" value="3.13.0-37-generic"/>
    <property name="user.home" value="/home/renaud"/>
    <property name="user.timezone" value=""/>
    <property name="java.awt.printerjob" value="sun.print.PSPrinterJob"/>
    <property name="file.encoding" value="UTF-8"/>
    <property name="java.specification.version" value="1.7"/>
    <property name="user.name" value="renaud"/>
    <property name="java.class.path" value="/home/renaud/Projets/irc-chat/target/test-classes:/home/renaud/Projets/irc-chat/target/ircchat-1.0-SNAPSHOT/WEB-INF/classes:/home/renaud/.m2/repository/com/google/gwt/gwt-user/2.6.0/gwt-user-2.6.0.jar:/home/renaud/.m2/repository/javax/validation/validation-api/1.0.0.GA/validation-api-1.0.0.GA.jar:/home/renaud/.m2/repository/javax/validation/validation-api/1.0.0.GA/validation-api-1.0.0.GA-sources.jar:/home/renaud/.m2/repository/org/json/json/20090211/json-20090211.jar:/home/renaud/.m2/repository/com/gwtplatform/gwtp-mvp-client/1.2.1/gwtp-mvp-client-1.2.1.jar:/home/renaud/.m2/repository/com/gwtplatform/gwtp-clients-common/1.2.1/gwtp-clients-common-1.2.1.jar:/home/renaud/.m2/repository/org/apache/maven/maven-artifact/3.1.1/maven-artifact-3.1.1.jar:/home/renaud/.m2/repository/org/codehaus/plexus/plexus-utils/3.0.15/plexus-utils-3.0.15.jar:/home/renaud/.m2/repository/com/gwtplatform/gwtp-mvp-shared/1.2.1/gwtp-mvp-shared-1.2.1.jar:/home/renaud/.m2/repository/org/apache/velocity/velocity/1.7/velocity-1.7.jar:/home/renaud/.m2/repository/commons-collections/commons-collections/3.2.1/commons-collections-3.2.1.jar:/home/renaud/.m2/repository/commons-lang/commons-lang/2.4/commons-lang-2.4.jar:/home/renaud/.m2/repository/com/gwtplatform/gwtp-dispatch-rpc-client/1.2.1/gwtp-dispatch-rpc-client-1.2.1.jar:/home/renaud/.m2/repository/com/gwtplatform/gwtp-dispatch-common-client/1.2.1/gwtp-dispatch-common-client-1.2.1.jar:/home/renaud/.m2/repository/com/google/guava/guava-gwt/16.0.1/guava-gwt-16.0.1.jar:/home/renaud/.m2/repository/com/google/code/findbugs/jsr305/1.3.9/jsr305-1.3.9.jar:/home/renaud/.m2/repository/com/google/guava/guava/16.0.1/guava-16.0.1.jar:/home/renaud/.m2/repository/com/gwtplatform/gwtp-dispatch-rpc-server-guice/1.2.1/gwtp-dispatch-rpc-server-guice-1.2.1.jar:/home/renaud/.m2/repository/com/gwtplatform/gwtp-dispatch-rpc-server/1.2.1/gwtp-dispatch-rpc-server-1.2.1.jar:/home/renaud/.m2/repository/com/gwtplatform/gwtp-dispatch-rpc-shared/1.2.1/gwtp-dispatch-rpc-shared-1.2.1.jar:/home/renaud/.m2/repository/com/gwtplatform/gwtp-dispatch-common-shared/1.2.1/gwtp-dispatch-common-shared-1.2.1.jar:/home/renaud/.m2/repository/com/google/inject/guice/3.0/guice-3.0.jar:/home/renaud/.m2/repository/javax/inject/javax.inject/1/javax.inject-1.jar:/home/renaud/.m2/repository/aopalliance/aopalliance/1.0/aopalliance-1.0.jar:/home/renaud/.m2/repository/com/google/inject/extensions/guice-servlet/3.0/guice-servlet-3.0.jar:/home/renaud/.m2/repository/com/google/inject/extensions/guice-assistedinject/3.0/guice-assistedinject-3.0.jar:/home/renaud/.m2/repository/com/google/gwt/inject/gin/2.1.2/gin-2.1.2.jar:/home/renaud/.m2/repository/junit/junit/4.11/junit-4.11.jar:/home/renaud/.m2/repository/org/hamcrest/hamcrest-core/1.3/hamcrest-core-1.3.jar:/home/renaud/.m2/repository/org/jukito/jukito/1.4/jukito-1.4.jar:/home/renaud/.m2/repository/org/mockito/mockito-core/1.9.5/mockito-core-1.9.5.jar:/home/renaud/.m2/repository/org/objenesis/objenesis/1.0/objenesis-1.0.jar:"/>
    <property name="java.vm.specification.version" value="1.7"/>
    <property name="sun.arch.data.model" value="64"/>
    <property name="java.home" value="/usr/lib/jvm/java-7-openjdk-amd64/jre"/>
    <property name="sun.java.command" value="/tmp/surefirebooter4642126133067969766.jar /tmp/surefire2463479821104398864tmp /tmp/surefire9099056278718197444tmp"/>
    <property name="java.specification.vendor" value="Oracle Corporation"/>
    <property name="user.language" value="fr"/>
    <property name="awt.toolkit" value="sun.awt.X11.XToolkit"/>
    <property name="java.vm.info" value="mixed mode"/>
    <property name="java.version" value="1.7.0_75"/>
    <property name="java.ext.dirs" value="/usr/lib/jvm/java-7-openjdk-amd64/jre/lib/ext:/usr/java/packages/lib/ext"/>
    <property name="sun.boot.class.path" value="/usr/lib/jvm/java-7-openjdk-amd64/jre/lib/resources.jar:/usr/lib/jvm/java-7-openjdk-amd64/jre/lib/rt.jar:/usr/lib/jvm/java-7-openjdk-amd64/jre/lib/sunrsasign.jar:/usr/lib/jvm/java-7-openjdk-amd64/jre/lib/jsse.jar:/usr/lib/jvm/java-7-openjdk-amd64/jre/lib/jce.jar:/usr/lib/jvm/java-7-openjdk-amd64/jre/lib/charsets.jar:/usr/lib/jvm/java-7-openjdk-amd64/jre/lib/rhino.jar:/usr/lib/jvm/java-7-openjdk-amd64/jre/lib/jfr.jar:/usr/lib/jvm/java-7-openjdk-amd64/jre/classes"/>
    <property name="java.vendor" value="Oracle Corporation"/>
    <property name="localRepository" value="/home/renaud/.m2/repository"/>
    <property name="file.separator" value="/"/>
    <property name="java.vendor.url.bug" value="http://bugreport.sun.com/bugreport/"/>
    <property name="sun.cpu.endian" value="little"/>
    <property name="sun.io.unicode.encoding" value="UnicodeLittle"/>
    <property name="sun.desktop" value="gnome"/>
    <property name="sun.cpu.isalist" value=""/>
  </properties>
  <testcase time="0.001" classname="com.renaud.webchat.client.SandboxJukitoTest" name="testSandbox"/>
</testsuite>